Release 14.7 - xst P.20131013 (lin64)
Copyright (c) 1995-2013 Xilinx, Inc.  All rights reserved.
--> 
Parameter TMPDIR set to xst/projnav.tmp


Total REAL time to Xst completion: 0.00 secs
Total CPU time to Xst completion: 0.07 secs
 
--> 
Parameter xsthdpdir set to xst


Total REAL time to Xst completion: 0.00 secs
Total CPU time to Xst completion: 0.07 secs
 
--> 
Reading design: clockscaler_1k.prj

TABLE OF CONTENTS
  1) Synthesis Options Summary
  2) HDL Compilation
  3) Design Hierarchy Analysis
  4) HDL Analysis
  5) HDL Synthesis
     5.1) HDL Synthesis Report
  6) Advanced HDL Synthesis
     6.1) Advanced HDL Synthesis Report
  7) Low Level Synthesis
  8) Partition Report
  9) Final Report
	9.1) Device utilization summary
	9.2) Partition Resource Summary
	9.3) TIMING REPORT


=========================================================================
*                      Synthesis Options Summary                        *
=========================================================================
---- Source Parameters
Input File Name                    : "clockscaler_1k.prj"
Input Format                       : mixed
Ignore Synthesis Constraint File   : NO

---- Target Parameters
Output File Name                   : "clockscaler_1k"
Output Format                      : NGC
Target Device                      : xc3s500e-5-fg320

---- Source Options
Top Module Name                    : clockscaler_1k
Automatic FSM Extraction           : YES
FSM Encoding Algorithm             : Auto
Safe Implementation                : No
FSM Style                          : LUT
RAM Extraction                     : Yes
RAM Style                          : Auto
ROM Extraction                     : Yes
Mux Style                          : Auto
Decoder Extraction                 : YES
Priority Encoder Extraction        : Yes
Shift Register Extraction          : YES
Logical Shifter Extraction         : YES
XOR Collapsing                     : YES
ROM Style                          : Auto
Mux Extraction                     : Yes
Resource Sharing                   : YES
Asynchronous To Synchronous        : NO
Multiplier Style                   : Auto
Automatic Register Balancing       : No

---- Target Options
Add IO Buffers                     : YES
Global Maximum Fanout              : 500
Add Generic Clock Buffer(BUFG)     : 24
Register Duplication               : YES
Slice Packing                      : YES
Optimize Instantiated Primitives   : NO
Use Clock Enable                   : Yes
Use Synchronous Set                : Yes
Use Synchronous Reset              : Yes
Pack IO Registers into IOBs        : Auto
Equivalent register Removal        : YES

---- General Options
Optimization Goal                  : Speed
Optimization Effort                : 1
Keep Hierarchy                     : No
Netlist Hierarchy                  : As_Optimized
RTL Output                         : Yes
Global Optimization                : AllClockNets
Read Cores                         : YES
Write Timing Constraints           : NO
Cross Clock Analysis               : NO
Hierarchy Separator                : /
Bus Delimiter                      : <>
Case Specifier                     : Maintain
Slice Utilization Ratio            : 100
BRAM Utilization Ratio             : 100
Verilog 2001                       : YES
Auto BRAM Packing                  : NO
Slice Utilization Ratio Delta      : 5

=========================================================================


=========================================================================
*                          HDL Compilation                              *
=========================================================================
Compiling vhdl file "/home/klein/Dropbox/Elektro/5. semester/LABD/Oscilloscope/clockscaler_1k.vhd" in Library work.
Entity <clockscaler_1k> compiled.
Entity <clockscaler_1k> (Architecture <Behavioral>) compiled.

=========================================================================
*                     Design Hierarchy Analysis                         *
=========================================================================
Analyzing hierarchy for entity <clockscaler_1k> in library <work> (architecture <Behavioral>).


=========================================================================
*                            HDL Analysis                               *
=========================================================================
Analyzing Entity <clockscaler_1k> in library <work> (Architecture <Behavioral>).
Entity <clockscaler_1k> analyzed. Unit <clockscaler_1k> generated.


=========================================================================
*                           HDL Synthesis                               *
=========================================================================

Performing bidirectional port resolution...

Synthesizing Unit <clockscaler_1k>.
    Related source file is "/home/klein/Dropbox/Elektro/5. semester/LABD/Oscilloscope/clockscaler_1k.vhd".
    Found 1-bit register for signal <CLK_1k_sig>.
    Found 17-bit comparator greatequal for signal <CLK_1k_sig$cmp_ge0000> created at line 29.
    Found 16-bit up counter for signal <counter>.
    Summary:
	inferred   1 Counter(s).
	inferred   1 D-type flip-flop(s).
	inferred   1 Comparator(s).
Unit <clockscaler_1k> synthesized.


=========================================================================
HDL Synthesis Report

Macro Statistics
# Counters                                             : 1
 16-bit up counter                                     : 1
# Registers                                            : 1
 1-bit register                                        : 1
# Comparators                                          : 1
 17-bit comparator greatequal                          : 1

=========================================================================

=========================================================================
*                       Advanced HDL Synthesis                          *
=========================================================================


=========================================================================
Advanced HDL Synthesis Report

Macro Statistics
# Counters                                             : 1
 16-bit up counter                                     : 1
# Registers                                            : 1
 Flip-Flops                                            : 1
# Comparators                                          : 1
 17-bit comparator greatequal                          : 1

=========================================================================

=========================================================================
*                         Low Level Synthesis                           *
=========================================================================

Optimizing unit <clockscaler_1k> ...

Mapping all equations...
Building and optimizing final netlist ...
Found area constraint ratio of 100 (+ 5) on block clockscaler_1k, actual ratio is 0.

Final Macro Processing ...

=========================================================================
Final Register Report

Macro Statistics
# Registers                                            : 17
 Flip-Flops                                            : 17

=========================================================================

=========================================================================
*                           Partition Report                            *
=========================================================================

Partition Implementation Status
-------------------------------

  No Partitions were found in this design.

-------------------------------

=========================================================================
*                            Final Report                               *
=========================================================================
Final Results
RTL Top Level Output File Name     : clockscaler_1k.ngr
Top Level Output File Name         : clockscaler_1k
Output Format                      : NGC
Optimization Goal                  : Speed
Keep Hierarchy                     : No

Design Statistics
# IOs                              : 2

Cell Usage :
# BELS                             : 67
#      GND                         : 1
#      INV                         : 5
#      LUT1                        : 16
#      LUT2                        : 3
#      LUT3                        : 1
#      LUT4                        : 1
#      MUXCY                       : 23
#      VCC                         : 1
#      XORCY                       : 16
# FlipFlops/Latches                : 17
#      FDE                         : 17
# Clock Buffers                    : 1
#      BUFGP                       : 1
# IO Buffers                       : 1
#      OBUF                        : 1
=========================================================================

Device utilization summary:
---------------------------

Selected Device : 3s500efg320-5 

 Number of Slices:                       13  out of   4656     0%  
 Number of Slice Flip Flops:             17  out of   9312     0%  
 Number of 4 input LUTs:                 26  out of   9312     0%  
 Number of IOs:                           2
 Number of bonded IOBs:                   2  out of    232     0%  
 Number of GCLKs:                         1  out of     24     4%  

---------------------------
Partition Resource Summary:
---------------------------

  No Partitions were found in this design.

---------------------------


=========================================================================
TIMING REPORT

NOTE: THESE TIMING NUMBERS ARE ONLY A SYNTHESIS ESTIMATE.
      FOR ACCURATE TIMING INFORMATION PLEASE REFER TO THE TRACE REPORT
      GENERATED AFTER PLACE-and-ROUTE.

Clock Information:
------------------
-----------------------------------+------------------------+-------+
Clock Signal                       | Clock buffer(FF name)  | Load  |
-----------------------------------+------------------------+-------+
CLK                                | BUFGP                  | 17    |
-----------------------------------+------------------------+-------+

Asynchronous Control Signals Information:
----------------------------------------
No asynchronous control signals found in this design

Timing Summary:
---------------
Speed Grade: -5

   Minimum period: 5.013ns (Maximum Frequency: 199.469MHz)
   Minimum input arrival time before clock: No path found
   Maximum output required time after clock: 4.063ns
   Maximum combinational path delay: No path found

Timing Detail:
--------------
All values displayed in nanoseconds (ns)

=========================================================================
Timing constraint: Default period analysis for Clock 'CLK'
  Clock period: 5.013ns (frequency: 199.469MHz)
  Total number of paths / destination ports: 409 / 34
-------------------------------------------------------------------------
Delay:               5.013ns (Levels of Logic = 10)
  Source:            counter_0 (FF)
  Destination:       counter_0 (FF)
  Source Clock:      CLK rising
  Destination Clock: CLK rising

  Data Path: counter_0 to counter_0
                                Gate     Net
    Cell:in->out      fanout   Delay   Delay  Logical Name (Net Name)
    ----------------------------------------  ------------
     FDE:C->Q              2   0.514   0.532  counter_0 (counter_0)
     LUT3:I0->O            1   0.612   0.000  Mcompar_CLK_1k_sig_cmp_ge0000_lut<0> (Mcompar_CLK_1k_sig_cmp_ge0000_lut<0>)
     MUXCY:S->O            1   0.404   0.000  Mcompar_CLK_1k_sig_cmp_ge0000_cy<0> (Mcompar_CLK_1k_sig_cmp_ge0000_cy<0>)
     MUXCY:CI->O           1   0.052   0.000  Mcompar_CLK_1k_sig_cmp_ge0000_cy<1> (Mcompar_CLK_1k_sig_cmp_ge0000_cy<1>)
     MUXCY:CI->O           1   0.052   0.000  Mcompar_CLK_1k_sig_cmp_ge0000_cy<2> (Mcompar_CLK_1k_sig_cmp_ge0000_cy<2>)
     MUXCY:CI->O           1   0.052   0.000  Mcompar_CLK_1k_sig_cmp_ge0000_cy<3> (Mcompar_CLK_1k_sig_cmp_ge0000_cy<3>)
     MUXCY:CI->O           1   0.052   0.000  Mcompar_CLK_1k_sig_cmp_ge0000_cy<4> (Mcompar_CLK_1k_sig_cmp_ge0000_cy<4>)
     MUXCY:CI->O           1   0.052   0.000  Mcompar_CLK_1k_sig_cmp_ge0000_cy<5> (Mcompar_CLK_1k_sig_cmp_ge0000_cy<5>)
     MUXCY:CI->O           1   0.052   0.000  Mcompar_CLK_1k_sig_cmp_ge0000_cy<6> (Mcompar_CLK_1k_sig_cmp_ge0000_cy<6>)
     MUXCY:CI->O           2   0.289   0.380  Mcompar_CLK_1k_sig_cmp_ge0000_cy<7> (CLK_1k_sig_cmp_ge0000)
     INV:I->O             16   0.612   0.879  counter_not00011_INV_0 (counter_not0001)
     FDE:CE                    0.483          counter_0
    ----------------------------------------
    Total                      5.013ns (3.223ns logic, 1.791ns route)
                                       (64.3% logic, 35.7% route)

=========================================================================
Timing constraint: Default OFFSET OUT AFTER for Clock 'CLK'
  Total number of paths / destination ports: 1 / 1
-------------------------------------------------------------------------
Offset:              4.063ns (Levels of Logic = 1)
  Source:            CLK_1k_sig (FF)
  Destination:       CLK_1k (PAD)
  Source Clock:      CLK rising

  Data Path: CLK_1k_sig to CLK_1k
                                Gate     Net
    Cell:in->out      fanout   Delay   Delay  Logical Name (Net Name)
    ----------------------------------------  ------------
     FDE:C->Q              2   0.514   0.380  CLK_1k_sig (CLK_1k_sig)
     OBUF:I->O                 3.169          CLK_1k_OBUF (CLK_1k)
    ----------------------------------------
    Total                      4.063ns (3.683ns logic, 0.380ns route)
                                       (90.6% logic, 9.4% route)

=========================================================================


Total REAL time to Xst completion: 8.00 secs
Total CPU time to Xst completion: 4.70 secs
 
--> 


Total memory usage is 519372 kilobytes

Number of errors   :    0 (   0 filtered)
Number of warnings :    0 (   0 filtered)
Number of infos    :    0 (   0 filtered)

